<?xml version="1.0" encoding="UTF-8" ?>
<testsuite errors="20" failures="0" hostname="Felix-LapTop" name="kiss.MyCSVReaderTest" skipped="0" tests="38" time="0.594" timestamp="2018-04-17T12:26:55">
  <properties>
[...]
</properties>
  <testcase classname="kiss.MyCSVReaderTest" name="testRead2simpleTwoLines" time="0.031">
    <error message="C:\Users\Edo\Documents\NetBeansProjects\SA\SA\test\kiss\CSVTestFile2.txt (Das System kann den angegebenen Pfad nicht finden)" type="java.io.FileNotFoundException">java.io.FileNotFoundException: C:\Users\Edo\Documents\NetBeansProjects\SA\SA\test\kiss\CSVTestFile2.txt (Das System kann den angegebenen Pfad nicht finden)
	at java.io.FileInputStream.open0(Native Method)
	at java.io.FileInputStream.open(FileInputStream.java:195)
	at java.io.FileInputStream.&lt;init&gt;(FileInputStream.java:138)
	at java.io.FileInputStream.&lt;init&gt;(FileInputStream.java:93)
	at java.io.FileReader.&lt;init&gt;(FileReader.java:58)
	at kiss.MyCSVReaderTest.testRead2simpleTwoLines(MyCSVReaderTest.java:58)
	at java.util.concurrent.FutureTask.run(FutureTask.java:266)
	at java.lang.Thread.run(Thread.java:745)
</error>
  </testcase>
  <testcase classname="kiss.MyCSVReaderTest" name="testReadLeer15" time="0.0">
    <error message="C:\Users\Edo\Documents\NetBeansProjects\SA\SA\test\kiss\CSVTestFile15.txt (Das System kann den angegebenen Pfad nicht finden)" type="java.io.FileNotFoundException">java.io.FileNotFoundException: C:\Users\Edo\Documents\NetBeansProjects\SA\SA\test\kiss\CSVTestFile15.txt (Das System kann den angegebenen Pfad nicht finden)
	at java.io.FileInputStream.open0(Native Method)
	at java.io.FileInputStream.open(FileInputStream.java:195)
	at java.io.FileInputStream.&lt;init&gt;(FileInputStream.java:138)
	at java.io.FileInputStream.&lt;init&gt;(FileInputStream.java:93)
	at java.io.FileReader.&lt;init&gt;(FileReader.java:58)
	at kiss.MyCSVReaderTest.testReadLeer15(MyCSVReaderTest.java:252)
	at java.util.concurrent.FutureTask.run(FutureTask.java:266)
	at java.lang.Thread.run(Thread.java:745)
</error>
  </testcase>
  <testcase classname="kiss.MyCSVReaderTest" name="testOnlyEscapedAtEnd25" time="0.0" />
  <testcase classname="kiss.MyCSVReaderTest" name="testOnlyEscapedAtEnd26" time="0.015" />
  <testcase classname="kiss.MyCSVReaderTest" name="testOnlyEscapedAtEnd27" time="0.0" />
  <testcase classname="kiss.MyCSVReaderTest" name="testOnlyEscapedAtEnd28" time="0.0" />
  <testcase classname="kiss.MyCSVReaderTest" name="testOnlyEscapedAtEnd29" time="0.0" />
  <testcase classname="kiss.MyCSVReaderTest" name="testReadDoppelEntwerter8" time="0.0">
    <error message="C:\Users\Edo\Documents\NetBeansProjects\SA\SA\test\kiss\CSVTestFile8.txt (Das System kann den angegebenen Pfad nicht finden)" type="java.io.FileNotFoundException">java.io.FileNotFoundException: C:\Users\Edo\Documents\NetBeansProjects\SA\SA\test\kiss\CSVTestFile8.txt (Das System kann den angegebenen Pfad nicht finden)
	at java.io.FileInputStream.open0(Native Method)
	at java.io.FileInputStream.open(FileInputStream.java:195)
	at java.io.FileInputStream.&lt;init&gt;(FileInputStream.java:138)
	at java.io.FileInputStream.&lt;init&gt;(FileInputStream.java:93)
	at java.io.FileReader.&lt;init&gt;(FileReader.java:58)
	at kiss.MyCSVReaderTest.testReadDoppelEntwerter8(MyCSVReaderTest.java:172)
	at java.util.concurrent.FutureTask.run(FutureTask.java:266)
	at java.lang.Thread.run(Thread.java:745)
</error>
  </testcase>
  <testcase classname="kiss.MyCSVReaderTest" name="testReadDoppelEntwerter9" time="0.0">
    <error message="C:\Users\Edo\Documents\NetBeansProjects\SA\SA\test\kiss\CSVTestFile9.txt (Das System kann den angegebenen Pfad nicht finden)" type="java.io.FileNotFoundException">java.io.FileNotFoundException: C:\Users\Edo\Documents\NetBeansProjects\SA\SA\test\kiss\CSVTestFile9.txt (Das System kann den angegebenen Pfad nicht finden)
	at java.io.FileInputStream.open0(Native Method)
	at java.io.FileInputStream.open(FileInputStream.java:195)
	at java.io.FileInputStream.&lt;init&gt;(FileInputStream.java:138)
	at java.io.FileInputStream.&lt;init&gt;(FileInputStream.java:93)
	at java.io.FileReader.&lt;init&gt;(FileReader.java:58)
	at kiss.MyCSVReaderTest.testReadDoppelEntwerter9(MyCSVReaderTest.java:183)
	at java.util.concurrent.FutureTask.run(FutureTask.java:266)
	at java.lang.Thread.run(Thread.java:745)
</error>
  </testcase>
  <testcase classname="kiss.MyCSVReaderTest" name="testReadsimple1" time="0.0">
    <error message="C:\Users\Edo\Documents\NetBeansProjects\SA\SA\test\kiss\CSVTestFile1.txt (Das System kann den angegebenen Pfad nicht finden)" type="java.io.FileNotFoundException">java.io.FileNotFoundException: C:\Users\Edo\Documents\NetBeansProjects\SA\SA\test\kiss\CSVTestFile1.txt (Das System kann den angegebenen Pfad nicht finden)
	at java.io.FileInputStream.open0(Native Method)
	at java.io.FileInputStream.open(FileInputStream.java:195)
	at java.io.FileInputStream.&lt;init&gt;(FileInputStream.java:138)
	at java.io.FileInputStream.&lt;init&gt;(FileInputStream.java:93)
	at java.io.FileReader.&lt;init&gt;(FileReader.java:58)
	at kiss.MyCSVReaderTest.testReadsimple1(MyCSVReaderTest.java:47)
	at java.util.concurrent.FutureTask.run(FutureTask.java:266)
	at java.lang.Thread.run(Thread.java:745)
</error>
  </testcase>
  <testcase classname="kiss.MyCSVReaderTest" name="testReadKommaEntwerter11" time="0.0">
    <error message="C:\Users\Edo\Documents\NetBeansProjects\SA\SA\test\kiss\CSVTestFile11.txt (Das System kann den angegebenen Pfad nicht finden)" type="java.io.FileNotFoundException">java.io.FileNotFoundException: C:\Users\Edo\Documents\NetBeansProjects\SA\SA\test\kiss\CSVTestFile11.txt (Das System kann den angegebenen Pfad nicht finden)
	at java.io.FileInputStream.open0(Native Method)
	at java.io.FileInputStream.open(FileInputStream.java:195)
	at java.io.FileInputStream.&lt;init&gt;(FileInputStream.java:138)
	at java.io.FileInputStream.&lt;init&gt;(FileInputStream.java:93)
	at java.io.FileReader.&lt;init&gt;(FileReader.java:58)
	at kiss.MyCSVReaderTest.testReadKommaEntwerter11(MyCSVReaderTest.java:210)
	at java.util.concurrent.FutureTask.run(FutureTask.java:266)
	at java.lang.Thread.run(Thread.java:745)
</error>
  </testcase>
  <testcase classname="kiss.MyCSVReaderTest" name="testRead3simple50Lines" time="0.016">
    <error message="C:\Users\Edo\Documents\NetBeansProjects\SA\SA\test\kiss\CSVTestFile3.txt (Das System kann den angegebenen Pfad nicht finden)" type="java.io.FileNotFoundException">java.io.FileNotFoundException: C:\Users\Edo\Documents\NetBeansProjects\SA\SA\test\kiss\CSVTestFile3.txt (Das System kann den angegebenen Pfad nicht finden)
	at java.io.FileInputStream.open0(Native Method)
	at java.io.FileInputStream.open(FileInputStream.java:195)
	at java.io.FileInputStream.&lt;init&gt;(FileInputStream.java:138)
	at java.io.FileInputStream.&lt;init&gt;(FileInputStream.java:93)
	at java.io.FileReader.&lt;init&gt;(FileReader.java:58)
	at kiss.MyCSVReaderTest.testRead3simple50Lines(MyCSVReaderTest.java:70)
	at java.util.concurrent.FutureTask.run(FutureTask.java:266)
	at java.lang.Thread.run(Thread.java:745)
</error>
  </testcase>
  <testcase classname="kiss.MyCSVReaderTest" name="testReadLeermitEnter16" time="0.0">
    <error message="C:\Users\Edo\Documents\NetBeansProjects\SA\SA\test\kiss\CSVTestFile16.txt (Das System kann den angegebenen Pfad nicht finden)" type="java.io.FileNotFoundException">java.io.FileNotFoundException: C:\Users\Edo\Documents\NetBeansProjects\SA\SA\test\kiss\CSVTestFile16.txt (Das System kann den angegebenen Pfad nicht finden)
	at java.io.FileInputStream.open0(Native Method)
	at java.io.FileInputStream.open(FileInputStream.java:195)
	at java.io.FileInputStream.&lt;init&gt;(FileInputStream.java:138)
	at java.io.FileInputStream.&lt;init&gt;(FileInputStream.java:93)
	at java.io.FileReader.&lt;init&gt;(FileReader.java:58)
	at kiss.MyCSVReaderTest.testReadLeermitEnter16(MyCSVReaderTest.java:264)
	at java.util.concurrent.FutureTask.run(FutureTask.java:266)
	at java.lang.Thread.run(Thread.java:745)
</error>
  </testcase>
  <testcase classname="kiss.MyCSVReaderTest" name="testReadTripleBackSlashueberall18" time="0.0">
    <error message="C:\Users\Edo\Documents\NetBeansProjects\SA\SA\test\kiss\CSVTestFile18.txt (Das System kann den angegebenen Pfad nicht finden)" type="java.io.FileNotFoundException">java.io.FileNotFoundException: C:\Users\Edo\Documents\NetBeansProjects\SA\SA\test\kiss\CSVTestFile18.txt (Das System kann den angegebenen Pfad nicht finden)
	at java.io.FileInputStream.open0(Native Method)
	at java.io.FileInputStream.open(FileInputStream.java:195)
	at java.io.FileInputStream.&lt;init&gt;(FileInputStream.java:138)
	at java.io.FileInputStream.&lt;init&gt;(FileInputStream.java:93)
	at java.io.FileReader.&lt;init&gt;(FileReader.java:58)
	at kiss.MyCSVReaderTest.testReadTripleBackSlashueberall18(MyCSVReaderTest.java:289)
	at java.util.concurrent.FutureTask.run(FutureTask.java:266)
	at java.lang.Thread.run(Thread.java:745)
</error>
  </testcase>
  <testcase classname="kiss.MyCSVReaderTest" name="testReadBackSlashanfangundueberall17" time="0.016">
    <error message="C:\Users\Edo\Documents\NetBeansProjects\SA\SA\test\kiss\CSVTestFile17.txt (Das System kann den angegebenen Pfad nicht finden)" type="java.io.FileNotFoundException">java.io.FileNotFoundException: C:\Users\Edo\Documents\NetBeansProjects\SA\SA\test\kiss\CSVTestFile17.txt (Das System kann den angegebenen Pfad nicht finden)
	at java.io.FileInputStream.open0(Native Method)
	at java.io.FileInputStream.open(FileInputStream.java:195)
	at java.io.FileInputStream.&lt;init&gt;(FileInputStream.java:138)
	at java.io.FileInputStream.&lt;init&gt;(FileInputStream.java:93)
	at java.io.FileReader.&lt;init&gt;(FileReader.java:58)
	at kiss.MyCSVReaderTest.testReadBackSlashanfangundueberall17(MyCSVReaderTest.java:277)
	at java.util.concurrent.FutureTask.run(FutureTask.java:266)
	at java.lang.Thread.run(Thread.java:745)
</error>
  </testcase>
  <testcase classname="kiss.MyCSVReaderTest" name="testReadEnterfehltamEnde13" time="0.0">
    <error message="Unexpected exception, expected&lt;java.lang.IllegalArgumentException&gt; but was&lt;java.io.FileNotFoundException&gt;" type="java.lang.Exception">java.lang.Exception: Unexpected exception, expected&lt;java.lang.IllegalArgumentException&gt; but was&lt;java.io.FileNotFoundException&gt;
	at java.util.concurrent.FutureTask.run(FutureTask.java:266)
	at java.lang.Thread.run(Thread.java:745)
Caused by: java.io.FileNotFoundException: C:\Users\Edo\Documents\NetBeansProjects\SA\SA\test\kiss\CSVTestFile13.txt (Das System kann den angegebenen Pfad nicht finden)
	at java.io.FileInputStream.open0(Native Method)
	at java.io.FileInputStream.open(FileInputStream.java:195)
	at java.io.FileInputStream.&lt;init&gt;(FileInputStream.java:138)
	at java.io.FileInputStream.&lt;init&gt;(FileInputStream.java:93)
	at java.io.FileReader.&lt;init&gt;(FileReader.java:58)
	at kiss.MyCSVReaderTest.testReadEnterfehltamEnde13(MyCSVReaderTest.java:238)
</error>
  </testcase>
  <testcase classname="kiss.MyCSVReaderTest" name="testReadEmptyError4" time="0.015">
    <error message="Unexpected exception, expected&lt;java.lang.IllegalArgumentException&gt; but was&lt;java.io.FileNotFoundException&gt;" type="java.lang.Exception">java.lang.Exception: Unexpected exception, expected&lt;java.lang.IllegalArgumentException&gt; but was&lt;java.io.FileNotFoundException&gt;
	at java.util.concurrent.FutureTask.run(FutureTask.java:266)
	at java.lang.Thread.run(Thread.java:745)
Caused by: java.io.FileNotFoundException: C:\Users\Edo\Documents\NetBeansProjects\SA\SA\test\kiss\CSVTestFile4.txt (Das System kann den angegebenen Pfad nicht finden)
	at java.io.FileInputStream.open0(Native Method)
	at java.io.FileInputStream.open(FileInputStream.java:195)
	at java.io.FileInputStream.&lt;init&gt;(FileInputStream.java:138)
	at java.io.FileInputStream.&lt;init&gt;(FileInputStream.java:93)
	at java.io.FileReader.&lt;init&gt;(FileReader.java:58)
	at kiss.MyCSVReaderTest.testReadEmptyError4(MyCSVReaderTest.java:132)
</error>
  </testcase>
  <testcase classname="kiss.MyCSVReaderTest" name="testReadEntwerteEntwerter6" time="0.0">
    <error message="C:\Users\Edo\Documents\NetBeansProjects\SA\SA\test\kiss\CSVTestFile6.txt (Das System kann den angegebenen Pfad nicht finden)" type="java.io.FileNotFoundException">java.io.FileNotFoundException: C:\Users\Edo\Documents\NetBeansProjects\SA\SA\test\kiss\CSVTestFile6.txt (Das System kann den angegebenen Pfad nicht finden)
	at java.io.FileInputStream.open0(Native Method)
	at java.io.FileInputStream.open(FileInputStream.java:195)
	at java.io.FileInputStream.&lt;init&gt;(FileInputStream.java:138)
	at java.io.FileInputStream.&lt;init&gt;(FileInputStream.java:93)
	at java.io.FileReader.&lt;init&gt;(FileReader.java:58)
	at kiss.MyCSVReaderTest.testReadEntwerteEntwerter6(MyCSVReaderTest.java:150)
</error>
  </testcase>
  <testcase classname="kiss.MyCSVReaderTest" name="testReadVerschiedeneEntwerter12" time="0.016">
    <error message="C:\Users\Edo\Documents\NetBeansProjects\SA\SA\test\kiss\CSVTestFile12.txt (Das System kann den angegebenen Pfad nicht finden)" type="java.io.FileNotFoundException">java.io.FileNotFoundException: C:\Users\Edo\Documents\NetBeansProjects\SA\SA\test\kiss\CSVTestFile12.txt (Das System kann den angegebenen Pfad nicht finden)
	at java.io.FileInputStream.open0(Native Method)
	at java.io.FileInputStream.open(FileInputStream.java:195)
	at java.io.FileInputStream.&lt;init&gt;(FileInputStream.java:138)
	at java.io.FileInputStream.&lt;init&gt;(FileInputStream.java:93)
	at java.io.FileReader.&lt;init&gt;(FileReader.java:58)
	at kiss.MyCSVReaderTest.testReadVerschiedeneEntwerter12(MyCSVReaderTest.java:225)
</error>
  </testcase>
  <testcase classname="kiss.MyCSVReaderTest" name="testReadTripleBackSlashEnter19" time="0.0">
    <error message="C:\Users\Edo\Documents\NetBeansProjects\SA\SA\test\kiss\CSVTestFile19.txt (Das System kann den angegebenen Pfad nicht finden)" type="java.io.FileNotFoundException">java.io.FileNotFoundException: C:\Users\Edo\Documents\NetBeansProjects\SA\SA\test\kiss\CSVTestFile19.txt (Das System kann den angegebenen Pfad nicht finden)
	at java.io.FileInputStream.open0(Native Method)
	at java.io.FileInputStream.open(FileInputStream.java:195)
	at java.io.FileInputStream.&lt;init&gt;(FileInputStream.java:138)
	at java.io.FileInputStream.&lt;init&gt;(FileInputStream.java:93)
	at java.io.FileReader.&lt;init&gt;(FileReader.java:58)
	at kiss.MyCSVReaderTest.testReadTripleBackSlashEnter19(MyCSVReaderTest.java:301)
	at java.util.concurrent.FutureTask.run(FutureTask.java:266)
	at java.lang.Thread.run(Thread.java:745)
</error>
  </testcase>
  <testcase classname="kiss.MyCSVReaderTest" name="testEmptyCSVFile20" time="0.0" />
  <testcase classname="kiss.MyCSVReaderTest" name="testReadEntwerteEnter7" time="0.0">
    <error message="C:\Users\Edo\Documents\NetBeansProjects\SA\SA\test\kiss\CSVTestFile7.txt (Das System kann den angegebenen Pfad nicht finden)" type="java.io.FileNotFoundException">java.io.FileNotFoundException: C:\Users\Edo\Documents\NetBeansProjects\SA\SA\test\kiss\CSVTestFile7.txt (Das System kann den angegebenen Pfad nicht finden)
	at java.io.FileInputStream.open0(Native Method)
	at java.io.FileInputStream.open(FileInputStream.java:195)
	at java.io.FileInputStream.&lt;init&gt;(FileInputStream.java:138)
	at java.io.FileInputStream.&lt;init&gt;(FileInputStream.java:93)
	at java.io.FileReader.&lt;init&gt;(FileReader.java:58)
	at kiss.MyCSVReaderTest.testReadEntwerteEnter7(MyCSVReaderTest.java:161)
	at java.util.concurrent.FutureTask.run(FutureTask.java:266)
	at java.lang.Thread.run(Thread.java:745)
</error>
  </testcase>
  <testcase classname="kiss.MyCSVReaderTest" name="testNoNewLineAtEnd21" time="0.0" />
  <testcase classname="kiss.MyCSVReaderTest" name="testNoNewLineAtEnd22" time="0.015" />
  <testcase classname="kiss.MyCSVReaderTest" name="testNoNewLineAtEnd23" time="0.0" />
  <testcase classname="kiss.MyCSVReaderTest" name="testNoNewLineAtEnd24" time="0.016" />
  <testcase classname="kiss.MyCSVReaderTest" name="testReadleinEndEntwerter10" time="0.0">
    <error message="C:\Users\Edo\Documents\NetBeansProjects\SA\SA\test\kiss\CSVTestFile10.txt (Das System kann den angegebenen Pfad nicht finden)" type="java.io.FileNotFoundException">java.io.FileNotFoundException: C:\Users\Edo\Documents\NetBeansProjects\SA\SA\test\kiss\CSVTestFile10.txt (Das System kann den angegebenen Pfad nicht finden)
	at java.io.FileInputStream.open0(Native Method)
	at java.io.FileInputStream.open(FileInputStream.java:195)
	at java.io.FileInputStream.&lt;init&gt;(FileInputStream.java:138)
	at java.io.FileInputStream.&lt;init&gt;(FileInputStream.java:93)
	at java.io.FileReader.&lt;init&gt;(FileReader.java:58)
	at kiss.MyCSVReaderTest.testReadleinEndEntwerter10(MyCSVReaderTest.java:197)
	at java.util.concurrent.FutureTask.run(FutureTask.java:266)
	at java.lang.Thread.run(Thread.java:745)
</error>
  </testcase>
  <testcase classname="kiss.MyCSVReaderTest" name="testReadEntwerteKomma5" time="0.016">
    <error message="C:\Users\Edo\Documents\NetBeansProjects\SA\SA\test\kiss\CSVTestFile5.txt (Das System kann den angegebenen Pfad nicht finden)" type="java.io.FileNotFoundException">java.io.FileNotFoundException: C:\Users\Edo\Documents\NetBeansProjects\SA\SA\test\kiss\CSVTestFile5.txt (Das System kann den angegebenen Pfad nicht finden)
	at java.io.FileInputStream.open0(Native Method)
	at java.io.FileInputStream.open(FileInputStream.java:195)
	at java.io.FileInputStream.&lt;init&gt;(FileInputStream.java:138)
	at java.io.FileInputStream.&lt;init&gt;(FileInputStream.java:93)
	at java.io.FileReader.&lt;init&gt;(FileReader.java:58)
	at kiss.MyCSVReaderTest.testReadEntwerteKomma5(MyCSVReaderTest.java:139)
	at java.util.concurrent.FutureTask.run(FutureTask.java:266)
	at java.lang.Thread.run(Thread.java:745)
</error>
  </testcase>
  <testcase classname="kiss.MyCSVReaderTest" name="testStuff30" time="0.0" />
  <testcase classname="kiss.MyCSVReaderTest" name="testStuff31" time="0.0" />
  <testcase classname="kiss.MyCSVReaderTest" name="testStuff32" time="0.0" />
  <testcase classname="kiss.MyCSVReaderTest" name="testStuff33" time="0.0" />
  <testcase classname="kiss.MyCSVReaderTest" name="testStuff34" time="0.0" />
  <testcase classname="kiss.MyCSVReaderTest" name="testStuff35" time="0.016" />
  <testcase classname="kiss.MyCSVReaderTest" name="testStuff36" time="0.0" />
  <testcase classname="kiss.MyCSVReaderTest" name="testStuff37" time="0.0" />
  <testcase classname="kiss.MyCSVReaderTest" name="testStuff38" time="0.0">
    <error message="C:\Users\Edo\Documents\NetBeansProjects\SA\SA\test\kiss\CSVTestFile20.txt (Das System kann den angegebenen Pfad nicht finden)" type="java.io.FileNotFoundException">java.io.FileNotFoundException: C:\Users\Edo\Documents\NetBeansProjects\SA\SA\test\kiss\CSVTestFile20.txt (Das System kann den angegebenen Pfad nicht finden)
	at java.io.FileInputStream.open0(Native Method)
	at java.io.FileInputStream.open(FileInputStream.java:195)
	at java.io.FileInputStream.&lt;init&gt;(FileInputStream.java:138)
	at java.io.FileInputStream.&lt;init&gt;(FileInputStream.java:93)
	at java.io.FileReader.&lt;init&gt;(FileReader.java:58)
	at kiss.MyCSVReaderTest.testStuff38(MyCSVReaderTest.java:459)
</error>
  </testcase>
  <testcase classname="kiss.MyCSVReaderTest" name="testReadBackSlashamEnde14" time="0.0">
    <error message="Unexpected exception, expected&lt;java.lang.IllegalArgumentException&gt; but was&lt;java.io.FileNotFoundException&gt;" type="java.lang.Exception">java.lang.Exception: Unexpected exception, expected&lt;java.lang.IllegalArgumentException&gt; but was&lt;java.io.FileNotFoundException&gt;
	at java.util.concurrent.FutureTask.run(FutureTask.java:266)
	at java.lang.Thread.run(Thread.java:745)
Caused by: java.io.FileNotFoundException: C:\Users\Edo\Documents\NetBeansProjects\SA\SA\test\kiss\CSVTestFile14.txt (Das System kann den angegebenen Pfad nicht finden)
	at java.io.FileInputStream.open0(Native Method)
	at java.io.FileInputStream.open(FileInputStream.java:195)
	at java.io.FileInputStream.&lt;init&gt;(FileInputStream.java:138)
	at java.io.FileInputStream.&lt;init&gt;(FileInputStream.java:93)
	at java.io.FileReader.&lt;init&gt;(FileReader.java:58)
	at kiss.MyCSVReaderTest.testReadBackSlashamEnde14(MyCSVReaderTest.java:245)
</error>
  </testcase>
  <system-out><![CDATA[]]></system-out>
  <system-err><![CDATA[]]></system-err>
</testsuite>
